0 info it worked if it ends with ok
1 verbose cli [ '/usr/local/bin/node',
1 verbose cli   '/usr/local/bin/npm',
1 verbose cli   'install',
1 verbose cli   'ngrok',
1 verbose cli   '-g' ]
2 info using npm@2.14.7
3 info using node@v4.2.1
4 verbose install initial load of /usr/local/lib/package.json
5 verbose readDependencies loading dependencies from /usr/local/lib/package.json
6 silly cache add args [ 'ngrok', null ]
7 verbose cache add spec ngrok
8 silly cache add parsed spec Result {
8 silly cache add   raw: 'ngrok',
8 silly cache add   scope: null,
8 silly cache add   name: 'ngrok',
8 silly cache add   rawSpec: '',
8 silly cache add   spec: '*',
8 silly cache add   type: 'range' }
9 silly addNamed ngrok@*
10 verbose addNamed "*" is a valid semver range for ngrok
11 silly addNameRange { name: 'ngrok', range: '*', hasData: false }
12 silly mapToRegistry name ngrok
13 silly mapToRegistry using default registry
14 silly mapToRegistry registry https://registry.npmjs.org/
15 silly mapToRegistry uri https://registry.npmjs.org/ngrok
16 verbose addNameRange registry:https://registry.npmjs.org/ngrok not in flight; fetching
17 verbose request uri https://registry.npmjs.org/ngrok
18 verbose request no auth needed
19 info attempt registry request try #1 at 10:27:26 AM
20 verbose request id 2c6fbb299f4d17df
21 http request GET https://registry.npmjs.org/ngrok
22 http 200 https://registry.npmjs.org/ngrok
23 verbose headers { server: 'CouchDB/1.5.0 (Erlang OTP/R16B03)',
23 verbose headers   etag: '"7P8T5EGBNVI0WG772TWL2M9Z7"',
23 verbose headers   'content-type': 'application/json',
23 verbose headers   'cache-control': 'max-age=300',
23 verbose headers   'content-length': '28698',
23 verbose headers   'accept-ranges': 'bytes',
23 verbose headers   date: 'Sat, 05 Mar 2016 15:27:26 GMT',
23 verbose headers   via: '1.1 varnish',
23 verbose headers   age: '227',
23 verbose headers   connection: 'keep-alive',
23 verbose headers   'x-served-by': 'cache-jfk1039-JFK',
23 verbose headers   'x-cache': 'HIT',
23 verbose headers   'x-cache-hits': '1',
23 verbose headers   'x-timer': 'S1457191646.185611,VS0,VE0',
23 verbose headers   vary: 'Accept' }
24 silly get cb [ 200,
24 silly get   { server: 'CouchDB/1.5.0 (Erlang OTP/R16B03)',
24 silly get     etag: '"7P8T5EGBNVI0WG772TWL2M9Z7"',
24 silly get     'content-type': 'application/json',
24 silly get     'cache-control': 'max-age=300',
24 silly get     'content-length': '28698',
24 silly get     'accept-ranges': 'bytes',
24 silly get     date: 'Sat, 05 Mar 2016 15:27:26 GMT',
24 silly get     via: '1.1 varnish',
24 silly get     age: '227',
24 silly get     connection: 'keep-alive',
24 silly get     'x-served-by': 'cache-jfk1039-JFK',
24 silly get     'x-cache': 'HIT',
24 silly get     'x-cache-hits': '1',
24 silly get     'x-timer': 'S1457191646.185611,VS0,VE0',
24 silly get     vary: 'Accept' } ]
25 verbose get saving ngrok to /Users/marywalsh/.npm/registry.npmjs.org/ngrok/.cache.json
26 silly addNameRange number 2 { name: 'ngrok', range: '*', hasData: true }
27 silly addNameRange versions [ 'ngrok',
27 silly addNameRange   [ '0.1.0',
27 silly addNameRange     '0.1.1',
27 silly addNameRange     '0.1.2',
27 silly addNameRange     '0.1.3',
27 silly addNameRange     '0.1.4',
27 silly addNameRange     '0.1.5',
27 silly addNameRange     '0.1.6',
27 silly addNameRange     '0.1.7',
27 silly addNameRange     '0.1.8',
27 silly addNameRange     '0.1.9',
27 silly addNameRange     '0.1.91',
27 silly addNameRange     '0.1.92',
27 silly addNameRange     '0.1.93',
27 silly addNameRange     '0.1.94',
27 silly addNameRange     '0.1.95',
27 silly addNameRange     '0.1.96',
27 silly addNameRange     '0.1.97',
27 silly addNameRange     '0.1.98',
27 silly addNameRange     '0.1.99',
27 silly addNameRange     '0.2.0',
27 silly addNameRange     '0.2.1',
27 silly addNameRange     '0.2.2',
27 silly addNameRange     '0.2.3' ] ]
28 silly addNamed ngrok@0.2.3
29 verbose addNamed "0.2.3" is a plain semver version for ngrok
30 silly mapToRegistry name ngrok
31 silly mapToRegistry using default registry
32 silly mapToRegistry registry https://registry.npmjs.org/
33 silly mapToRegistry uri https://registry.npmjs.org/ngrok
34 verbose addRemoteTarball https://registry.npmjs.org/ngrok/-/ngrok-0.2.3.tgz not in flight; adding
35 verbose addRemoteTarball [ 'https://registry.npmjs.org/ngrok/-/ngrok-0.2.3.tgz',
35 verbose addRemoteTarball   '3a06721586eaf1136a05500410ec76b2a337f972' ]
36 info retry fetch attempt 1 at 10:27:26 AM
37 info attempt registry request try #1 at 10:27:26 AM
38 http fetch GET https://registry.npmjs.org/ngrok/-/ngrok-0.2.3.tgz
39 http fetch 200 https://registry.npmjs.org/ngrok/-/ngrok-0.2.3.tgz
40 silly fetchAndShaCheck shasum 3a06721586eaf1136a05500410ec76b2a337f972
41 verbose addTmpTarball /var/folders/4m/v_8sx_z933b90j_pgl3h34l40000gn/T/npm-816-23737d72/registry.npmjs.org/ngrok/-/ngrok-0.2.3.tgz not in flight; adding
42 verbose addTmpTarball already have metadata; skipping unpack for ngrok@0.2.3
43 silly cache afterAdd ngrok@0.2.3
44 verbose afterAdd /Users/marywalsh/.npm/ngrok/0.2.3/package/package.json not in flight; writing
45 verbose afterAdd /Users/marywalsh/.npm/ngrok/0.2.3/package/package.json written
46 silly install resolved [ { name: 'ngrok',
46 silly install resolved     version: '0.2.3',
46 silly install resolved     description: 'node wrapper for ngrok',
46 silly install resolved     main: 'index.js',
46 silly install resolved     scripts:
46 silly install resolved      { test: 'node ./node_modules/mocha/bin/_mocha',
46 silly install resolved        postinstall: 'node ./postinstall.js',
46 silly install resolved        postupdate: 'node ./postinstall.js' },
46 silly install resolved     repository: { type: 'git', url: 'git://github.com/bubenshchykov/ngrok.git' },
46 silly install resolved     keywords: [ 'ngrok', 'localhost', 'tunneling', 'localtunnel', 'webhook' ],
46 silly install resolved     author: { name: 'bubenshchykov' },
46 silly install resolved     license: 'BSD-2-Clause',
46 silly install resolved     bugs: { url: 'https://github.com/bubenshchykov/ngrok/issues' },
46 silly install resolved     devDependencies: { mocha: '~1.14.0', chai: '~1.8.1' },
46 silly install resolved     dependencies:
46 silly install resolved      { async: '^0.9.0',
46 silly install resolved        'decompress-zip': '0.1.0',
46 silly install resolved        lock: '^0.1.2',
46 silly install resolved        'node-uuid': '^1.4.3',
46 silly install resolved        request: '^2.55.0' },
46 silly install resolved     bin: { ngrok: './bin/ngrok' },
46 silly install resolved     gitHead: '909e0658fca50d0b2e32c6ccf773d21cd7e3553f',
46 silly install resolved     homepage: 'https://github.com/bubenshchykov/ngrok#readme',
46 silly install resolved     _id: 'ngrok@0.2.3',
46 silly install resolved     _shasum: '3a06721586eaf1136a05500410ec76b2a337f972',
46 silly install resolved     _from: 'ngrok@*',
46 silly install resolved     _npmVersion: '2.14.7',
46 silly install resolved     _nodeVersion: '4.2.0',
46 silly install resolved     _npmUser: { name: 'bubenshchykov', email: 'a.bubenshchykov@gmail.com' },
46 silly install resolved     maintainers: [ [Object] ],
46 silly install resolved     dist:
46 silly install resolved      { shasum: '3a06721586eaf1136a05500410ec76b2a337f972',
46 silly install resolved        tarball: 'http://registry.npmjs.org/ngrok/-/ngrok-0.2.3.tgz' },
46 silly install resolved     _npmOperationalInternal:
46 silly install resolved      { host: 'packages-11-east.internal.npmjs.com',
46 silly install resolved        tmp: 'tmp/ngrok-0.2.3.tgz_1456858377391_0.5480814648326486' },
46 silly install resolved     directories: {},
46 silly install resolved     _resolved: 'https://registry.npmjs.org/ngrok/-/ngrok-0.2.3.tgz' } ]
47 info install ngrok@0.2.3 into /usr/local/lib
48 info installOne ngrok@0.2.3
49 verbose installOne of ngrok to /usr/local/lib not in flight; installing
50 verbose lock using /Users/marywalsh/.npm/_locks/ngrok-d1c70c9c77ebe6b2.lock for /usr/local/lib/node_modules/ngrok
51 silly install write writing ngrok 0.2.3 to /usr/local/lib/node_modules/ngrok
52 verbose unbuild lib/node_modules/ngrok
53 silly gentlyRm /usr/local/lib/node_modules/ngrok is being purged from base /usr/local
54 verbose gentlyRm don't care about contents; nuking /usr/local/lib/node_modules/ngrok
55 verbose tar unpack /Users/marywalsh/.npm/ngrok/0.2.3/package.tgz
56 verbose tar unpacking to /usr/local/lib/node_modules/ngrok
57 silly gentlyRm /usr/local/lib/node_modules/ngrok is being purged
58 verbose gentlyRm don't care about contents; nuking /usr/local/lib/node_modules/ngrok
59 silly gunzTarPerm modes [ '755', '644' ]
60 error tar.unpack untar error /Users/marywalsh/.npm/ngrok/0.2.3/package.tgz
61 verbose unlock done using /Users/marywalsh/.npm/_locks/ngrok-d1c70c9c77ebe6b2.lock for /usr/local/lib/node_modules/ngrok
62 verbose fstream_path /usr/local/lib/node_modules/ngrok
63 verbose fstream_type Directory
64 verbose fstream_class DirWriter
65 verbose stack Error: EACCES: permission denied, mkdir '/usr/local/lib/node_modules/ngrok'
65 verbose stack     at Error (native)
66 verbose fstream_stack /usr/local/lib/node_modules/npm/node_modules/fstream/lib/dir-writer.js:35:25
66 verbose fstream_stack /usr/local/lib/node_modules/npm/node_modules/mkdirp/index.js:47:53
66 verbose fstream_stack FSReqWrap.oncomplete (fs.js:82:15)
67 verbose cwd /Users/marywalsh/Documents/Udacity/Front_End_Web_Design/frontend-nanodegree-mobile-portfolio
68 error Darwin 15.3.0
69 error argv "/usr/local/bin/node" "/usr/local/bin/npm" "install" "ngrok" "-g"
70 error node v4.2.1
71 error npm  v2.14.7
72 error path /usr/local/lib/node_modules/ngrok
73 error code EACCES
74 error errno -13
75 error syscall mkdir
76 error Error: EACCES: permission denied, mkdir '/usr/local/lib/node_modules/ngrok'
76 error     at Error (native)
76 error  { [Error: EACCES: permission denied, mkdir '/usr/local/lib/node_modules/ngrok']
76 error   errno: -13,
76 error   code: 'EACCES',
76 error   syscall: 'mkdir',
76 error   path: '/usr/local/lib/node_modules/ngrok',
76 error   fstream_type: 'Directory',
76 error   fstream_path: '/usr/local/lib/node_modules/ngrok',
76 error   fstream_class: 'DirWriter',
76 error   fstream_stack:
76 error    [ '/usr/local/lib/node_modules/npm/node_modules/fstream/lib/dir-writer.js:35:25',
76 error      '/usr/local/lib/node_modules/npm/node_modules/mkdirp/index.js:47:53',
76 error      'FSReqWrap.oncomplete (fs.js:82:15)' ] }
77 error Please try running this command again as root/Administrator.
78 verbose exit [ -13, true ]
79 verbose unbuild lib/node_modules/ngrok
80 silly gentlyRm /usr/local/lib/node_modules/ngrok is being purged from base /usr/local
81 verbose gentlyRm don't care about contents; nuking /usr/local/lib/node_modules/ngrok
